<?xml version="1.0" encoding="UTF-8"?>
<testsuite xmlns:xsi="http://www.w3.org/2001/XMLSchema-instance" xsi:noNamespaceSchemaLocation="https://maven.apache.org/surefire/maven-surefire-plugin/xsd/surefire-test-report.xsd" name="tom.sros.sorter.newAlgorithmJUnitTest" time="0.382" tests="22" errors="0" skipped="0" failures="0">
  <properties>
    <property name="java.specification.version" value="13"/>
    <property name="sun.cpu.isalist" value="amd64"/>
    <property name="sun.jnu.encoding" value="Cp1252"/>
    <property name="java.class.path" value="C:\Users\thoma\Documents\NetBeansProjects\SROS\FinalYearProject\target\test-classes;C:\Users\thoma\Documents\NetBeansProjects\SROS\FinalYearProject\target\classes;C:\Users\thoma\.m2\repository\org\openjfx\javafx-controls\13\javafx-controls-13.jar;C:\Users\thoma\.m2\repository\org\openjfx\javafx-controls\13\javafx-controls-13-win.jar;C:\Users\thoma\.m2\repository\org\openjfx\javafx-graphics\13\javafx-graphics-13.jar;C:\Users\thoma\.m2\repository\org\openjfx\javafx-graphics\13\javafx-graphics-13-win.jar;C:\Users\thoma\.m2\repository\org\openjfx\javafx-base\13\javafx-base-13.jar;C:\Users\thoma\.m2\repository\org\openjfx\javafx-base\13\javafx-base-13-win.jar;C:\Users\thoma\.m2\repository\org\openjfx\javafx-fxml\13\javafx-fxml-13.jar;C:\Users\thoma\.m2\repository\org\openjfx\javafx-fxml\13\javafx-fxml-13-win.jar;C:\Users\thoma\.m2\repository\org\xerial\sqlite-jdbc\3.28.0\sqlite-jdbc-3.28.0.jar;C:\Users\thoma\.m2\repository\org\junit\jupiter\junit-jupiter-api\5.4.2\junit-jupiter-api-5.4.2.jar;C:\Users\thoma\.m2\repository\org\apiguardian\apiguardian-api\1.0.0\apiguardian-api-1.0.0.jar;C:\Users\thoma\.m2\repository\org\opentest4j\opentest4j\1.1.1\opentest4j-1.1.1.jar;C:\Users\thoma\.m2\repository\org\junit\platform\junit-platform-commons\1.4.2\junit-platform-commons-1.4.2.jar;C:\Users\thoma\.m2\repository\org\junit\jupiter\junit-jupiter-engine\5.4.2\junit-jupiter-engine-5.4.2.jar;C:\Users\thoma\.m2\repository\org\junit\platform\junit-platform-engine\1.4.2\junit-platform-engine-1.4.2.jar;"/>
    <property name="java.vm.vendor" value="Oracle Corporation"/>
    <property name="sun.arch.data.model" value="64"/>
    <property name="user.variant" value=""/>
    <property name="java.vendor.url" value="https://java.oracle.com/"/>
    <property name="user.timezone" value="Europe/London"/>
    <property name="os.name" value="Windows 10"/>
    <property name="java.vm.specification.version" value="13"/>
    <property name="user.country" value="GB"/>
    <property name="sun.java.launcher" value="SUN_STANDARD"/>
    <property name="sun.boot.library.path" value="C:\Program Files\Java\jdk-13.0.1\bin"/>
    <property name="sun.java.command" value="C:\Users\thoma\AppData\Local\Temp\surefire11432579264791653965\surefirebooter372099076430510134.jar C:\Users\thoma\AppData\Local\Temp\surefire11432579264791653965 2020-05-08T16-29-46_757-jvmRun1 surefire15100031869462023766tmp surefire_012597117357457884561tmp"/>
    <property name="jdk.debug" value="release"/>
    <property name="surefire.test.class.path" value="C:\Users\thoma\Documents\NetBeansProjects\SROS\FinalYearProject\target\test-classes;C:\Users\thoma\Documents\NetBeansProjects\SROS\FinalYearProject\target\classes;C:\Users\thoma\.m2\repository\org\openjfx\javafx-controls\13\javafx-controls-13.jar;C:\Users\thoma\.m2\repository\org\openjfx\javafx-controls\13\javafx-controls-13-win.jar;C:\Users\thoma\.m2\repository\org\openjfx\javafx-graphics\13\javafx-graphics-13.jar;C:\Users\thoma\.m2\repository\org\openjfx\javafx-graphics\13\javafx-graphics-13-win.jar;C:\Users\thoma\.m2\repository\org\openjfx\javafx-base\13\javafx-base-13.jar;C:\Users\thoma\.m2\repository\org\openjfx\javafx-base\13\javafx-base-13-win.jar;C:\Users\thoma\.m2\repository\org\openjfx\javafx-fxml\13\javafx-fxml-13.jar;C:\Users\thoma\.m2\repository\org\openjfx\javafx-fxml\13\javafx-fxml-13-win.jar;C:\Users\thoma\.m2\repository\org\xerial\sqlite-jdbc\3.28.0\sqlite-jdbc-3.28.0.jar;C:\Users\thoma\.m2\repository\org\junit\jupiter\junit-jupiter-api\5.4.2\junit-jupiter-api-5.4.2.jar;C:\Users\thoma\.m2\repository\org\apiguardian\apiguardian-api\1.0.0\apiguardian-api-1.0.0.jar;C:\Users\thoma\.m2\repository\org\opentest4j\opentest4j\1.1.1\opentest4j-1.1.1.jar;C:\Users\thoma\.m2\repository\org\junit\platform\junit-platform-commons\1.4.2\junit-platform-commons-1.4.2.jar;C:\Users\thoma\.m2\repository\org\junit\jupiter\junit-jupiter-engine\5.4.2\junit-jupiter-engine-5.4.2.jar;C:\Users\thoma\.m2\repository\org\junit\platform\junit-platform-engine\1.4.2\junit-platform-engine-1.4.2.jar;"/>
    <property name="sun.cpu.endian" value="little"/>
    <property name="user.home" value="C:\Users\thoma"/>
    <property name="user.language" value="en"/>
    <property name="java.specification.vendor" value="Oracle Corporation"/>
    <property name="java.version.date" value="2019-10-15"/>
    <property name="java.home" value="C:\Program Files\Java\jdk-13.0.1"/>
    <property name="file.separator" value="\"/>
    <property name="basedir" value="C:\Users\thoma\Documents\NetBeansProjects\SROS\FinalYearProject"/>
    <property name="java.vm.compressedOopsMode" value="Zero based"/>
    <property name="line.separator" value="&#10;"/>
    <property name="java.vm.specification.vendor" value="Oracle Corporation"/>
    <property name="java.specification.name" value="Java Platform API Specification"/>
    <property name="surefire.real.class.path" value="C:\Users\thoma\AppData\Local\Temp\surefire11432579264791653965\surefirebooter372099076430510134.jar"/>
    <property name="user.script" value=""/>
    <property name="sun.management.compiler" value="HotSpot 64-Bit Tiered Compilers"/>
    <property name="java.runtime.version" value="13.0.1+9"/>
    <property name="user.name" value="thoma"/>
    <property name="path.separator" value=";"/>
    <property name="os.version" value="10.0"/>
    <property name="java.runtime.name" value="Java(TM) SE Runtime Environment"/>
    <property name="file.encoding" value="UTF-8"/>
    <property name="java.vm.name" value="Java HotSpot(TM) 64-Bit Server VM"/>
    <property name="maven.ext.class.path" value="C:\Program Files\NetBeans-11.2\netbeans\java\maven-nblib\netbeans-eventspy.jar"/>
    <property name="localRepository" value="C:\Users\thoma\.m2\repository"/>
    <property name="java.vendor.url.bug" value="https://bugreport.java.com/bugreport/"/>
    <property name="java.io.tmpdir" value="C:\Users\thoma\AppData\Local\Temp\"/>
    <property name="java.version" value="13.0.1"/>
    <property name="user.dir" value="C:\Users\thoma\Documents\NetBeansProjects\SROS\FinalYearProject"/>
    <property name="os.arch" value="amd64"/>
    <property name="java.vm.specification.name" value="Java Virtual Machine Specification"/>
    <property name="sun.os.patch.level" value=""/>
    <property name="java.library.path" value="C:\Program Files\Java\jdk-13.0.1\bin;C:\Windows\Sun\Java\bin;C:\Windows\system32;C:\Windows;C:\Program Files (x86)\NVIDIA Corporation\PhysX\Common;C:\Program Files (x86)\Razer Chroma SDK\bin;C:\Program Files\Razer Chroma SDK\bin;C:\Windows\system32;C:\Windows;C:\Windows\System32\Wbem;C:\Windows\System32\WindowsPowerShell\v1.0\;C:\Windows\System32\OpenSSH\;C:\Users\thoma\AppData\Local\Microsoft\WindowsApps;C:\Program Files\MATLAB\R2019b\bin;C:\Users\thoma\Desktop\Java\apache-maven-3.6.3\bin;C:\Program Files\Java\jdk-13.0.1\bin;C:\Program Files\Git\cmd;C:\Users\thoma\AppData\Local\Microsoft\WindowsApps;C:\Users\thoma\AppData\Local\atom\bin;."/>
    <property name="java.vm.info" value="mixed mode, sharing"/>
    <property name="java.vendor" value="Oracle Corporation"/>
    <property name="java.vm.version" value="13.0.1+9"/>
    <property name="sun.io.unicode.encoding" value="UnicodeLittle"/>
    <property name="java.class.version" value="57.0"/>
  </properties>
  <testcase name="testPerfectFitX" classname="tom.sros.sorter.newAlgorithmJUnitTest" time="0.048"/>
  <testcase name="testPerfectFitY" classname="tom.sros.sorter.newAlgorithmJUnitTest" time="0.001"/>
  <testcase name="testPerfectFitZ" classname="tom.sros.sorter.newAlgorithmJUnitTest" time="0.001"/>
  <testcase name="testPerfectFitID" classname="tom.sros.sorter.newAlgorithmJUnitTest" time="0.001"/>
  <testcase name="testRemoveItem" classname="tom.sros.sorter.newAlgorithmJUnitTest" time="0.014"/>
  <testcase name="testReAddBoxes" classname="tom.sros.sorter.newAlgorithmJUnitTest" time="0.226"/>
  <testcase name="testBoxesReAddedX" classname="tom.sros.sorter.newAlgorithmJUnitTest" time="0"/>
  <testcase name="testBoxesReAddedY" classname="tom.sros.sorter.newAlgorithmJUnitTest" time="0"/>
  <testcase name="testBoxesReAddedZ" classname="tom.sros.sorter.newAlgorithmJUnitTest" time="0"/>
  <testcase name="testBoxesReAddedBin" classname="tom.sros.sorter.newAlgorithmJUnitTest" time="0"/>
  <testcase name="testAddOrdersToDB" classname="tom.sros.sorter.newAlgorithmJUnitTest" time="0.003"/>
  <testcase name="testAddOrdersToDBID" classname="tom.sros.sorter.newAlgorithmJUnitTest" time="0"/>
  <testcase name="testAddOrdersToDBAddress" classname="tom.sros.sorter.newAlgorithmJUnitTest" time="0"/>
  <testcase name="testAddOrdersToDBCustName" classname="tom.sros.sorter.newAlgorithmJUnitTest" time="0"/>
  <testcase name="testAddOrdersToDBBin" classname="tom.sros.sorter.newAlgorithmJUnitTest" time="0"/>
  <testcase name="testAddOrdersToDBX" classname="tom.sros.sorter.newAlgorithmJUnitTest" time="0"/>
  <testcase name="testAddOrdersToDBY" classname="tom.sros.sorter.newAlgorithmJUnitTest" time="0"/>
  <testcase name="testAddOrdersToDBZ" classname="tom.sros.sorter.newAlgorithmJUnitTest" time="0"/>
  <testcase name="testRemoveStoredOrder" classname="tom.sros.sorter.newAlgorithmJUnitTest" time="0"/>
  <testcase name="testOrderEmptySpaceX" classname="tom.sros.sorter.newAlgorithmJUnitTest" time="0"/>
  <testcase name="testOrderEmptySpaceY" classname="tom.sros.sorter.newAlgorithmJUnitTest" time="0"/>
  <testcase name="testOrderEmptySpaceZ" classname="tom.sros.sorter.newAlgorithmJUnitTest" time="0"/>
</testsuite>